\BOOKMARK [0][-]{chapter.1}{\376\377\000I\000n\000t\000r\000o\000d\000u\000c\000e\000r\000e}{}% 1
\BOOKMARK [1][-]{section.1.1}{\376\377\000C\000o\000n\000t\000e\000x\000t}{chapter.1}% 2
\BOOKMARK [1][-]{section.1.2}{\376\377\000P\000r\000o\000b\000l\000e\000m\001\003}{chapter.1}% 3
\BOOKMARK [1][-]{section.1.3}{\376\377\000O\000b\000i\000e\000c\000t\000i\000v\000e}{chapter.1}% 4
\BOOKMARK [1][-]{section.1.4}{\376\377\000S\000o\000l\000u\002\033\000i\000a\000\040\000p\000r\000o\000p\000u\000s\001\003}{chapter.1}% 5
\BOOKMARK [1][-]{section.1.5}{\376\377\000R\000e\000z\000u\000l\000t\000a\000t\000e\000l\000e\000\040\000o\000b\002\033\000i\000n\000u\000t\000e}{chapter.1}% 6
\BOOKMARK [1][-]{section.1.6}{\376\377\000S\000t\000r\000u\000c\000t\000u\000r\000a\000\040\000l\000u\000c\000r\001\003\000r\000i\000i}{chapter.1}% 7
\BOOKMARK [0][-]{chapter.2}{\376\377\000C\000e\000r\000i\000n\002\033\000e\000\040\002\031\000i\000\040\000M\000o\000t\000i\000v\000a\002\033\000i\000e}{}% 8
\BOOKMARK [1][-]{section.2.1}{\376\377\000M\000o\000t\000i\000v\000a\002\033\000i\000e}{chapter.2}% 9
\BOOKMARK [1][-]{section.2.2}{\376\377\000C\000e\000r\000i\000n\002\033\000e\000\040\000F\000u\000n\000c\002\033\000i\000o\000n\000a\000l\000e\000\040\002\031\000i\000\040\000N\000o\000n\000f\000u\000n\000c\002\033\000i\000o\000n\000a\000l\000e}{chapter.2}% 10
\BOOKMARK [0][-]{chapter.3}{\376\377\000A\000b\000o\000r\000d\001\003\000r\000i\000\040\000e\000x\000i\000s\000t\000e\000n\000t\000e\000\040\000\356\000n\000\040\000V\000i\000s\000u\000a\000l\000\040\000S\000L\000A\000M}{}% 11
\BOOKMARK [0][-]{chapter.4}{\376\377\000S\000o\000l\000u\002\033\000i\000e\000\040\000p\000r\000o\000p\000u\000s\001\003}{}% 12
\BOOKMARK [1][-]{section.4.1}{\376\377\000A\000c\000h\000i\000z\000i\002\033\000i\000a\000\040\000d\000a\000t\000e\000l\000o\000r}{chapter.4}% 13
\BOOKMARK [1][-]{section.4.2}{\376\377\000E\000x\000t\000r\000a\000g\000e\000r\000e\000a\000\040\000c\000a\000r\000a\000c\000t\000e\000r\000i\000s\000t\000i\000c\000i\000l\000o\000r}{chapter.4}% 14
\BOOKMARK [1][-]{section.4.3}{\376\377\000H\000a\000r\000t\000a\000\040\000p\000u\000n\000c\000t\000e\000l\000o\000r\000\040\000d\000i\000n\000\040\000s\000p\000a\002\033\000i\000u}{chapter.4}% 15
\BOOKMARK [1][-]{section.4.4}{\376\377\000A\000s\000o\000c\000i\000e\000r\000e\000\040\000p\000u\000n\000c\000t\000e\000\040\000d\000i\000n\000\040\000s\000p\000a\002\033\000i\000u\000\040\000s\000i\000\040\000c\000a\000r\000a\000c\000t\000e\000r\000i\000s\000t\000i\000c\000i\000\040\000O\000R\000B}{chapter.4}% 16
\BOOKMARK [1][-]{section.4.5}{\376\377\000O\000p\000t\000i\000m\000i\000z\000a\000r\000e\000a\000\040\000E\000s\000t\000i\000m\001\003\000r\000i\000i\000\040\000P\000o\000z\000i\002\033\000i\000e\000i\000\040\000I\000n\000i\002\033\000i\000a\000l\000e}{chapter.4}% 17
\BOOKMARK [2][-]{subsection.4.5.1}{\376\377\000P\000r\000o\000i\000e\000c\000t\000a\000r\000e\000a\000\040\000u\000n\000u\000i\000\040\000M\000a\000p\000P\000o\000i\000n\000t\000\040\000\356\000n\000\040\000p\000l\000a\000n\000u\000l\000\040\000i\000m\000a\000g\000i\000n\000i\000i}{section.4.5}% 18
\BOOKMARK [2][-]{subsection.4.5.2}{\376\377\000M\000o\000t\000i\000o\000n\000\040\000O\000n\000l\000y\000\040\000B\000u\000n\000d\000l\000e\000\040\000A\000d\000j\000u\000s\000t\000m\000e\000n\000t}{section.4.5}% 19
\BOOKMARK [1][-]{section.4.6}{\376\377\000C\000r\000e\000a\000r\000e\000a\000\040\000u\000n\000u\000i\000\040\000c\000a\000d\000r\000u\000\040\000c\000h\000e\000i\000e}{chapter.4}% 20
\BOOKMARK [2][-]{subsection.4.6.1}{\376\377\000O\000p\000t\000i\000m\000i\000z\000a\000r\000e\000\040\000h\000a\000r\000t\001\003\000\040\000l\000o\000c\000a\000l\001\003}{section.4.6}% 21
\BOOKMARK [2][-]{subsection.4.6.2}{\376\377\000R\000e\002\033\000e\000a\000u\000a\000\040\000N\000e\000u\000r\000a\000l\001\003\000\040\000F\000a\000s\000t\000D\000e\000p\000t\000h}{section.4.6}% 22
\BOOKMARK [0][-]{chapter.5}{\376\377\000D\000e\000t\000a\000l\000i\000i\000\040\000d\000e\000\040\000i\000m\000p\000l\000e\000m\000e\000n\000t\000a\000r\000e}{}% 23
\BOOKMARK [1][-]{section.5.1}{\376\377\000L\000i\000m\000b\000a\000j\000e\000\040\000d\000e\000\040\000p\000r\000o\000g\000r\000a\000m\000a\000r\000e\000\040\002\031\000i\000\040\000b\000i\000b\000l\000i\000o\000t\000e\000c\000i\000\040\000f\000o\000l\000o\000s\000i\000t\000e}{chapter.5}% 24
\BOOKMARK [1][-]{section.5.2}{\376\377\000M\000e\000d\000i\000u\000\040\000d\000e\000\040\000l\000u\000c\000r\000u\000\040\002\031\000i\000\040\000p\000r\000i\000n\000c\000i\000p\000a\000l\000e\000l\000e\000\040\000c\000l\000a\000s\000e}{chapter.5}% 25
\BOOKMARK [2][-]{subsection.5.2.1}{\376\377\000S\000t\000r\000u\000c\000t\000u\000r\000a\000\040\000p\000r\000o\000i\000e\000c\000t\000u\000l\000u\000i\000\040\002\031\000i\000\040\000f\000i\002\031\000i\000e\000r\000e\000\040\000d\000e\000\040\000c\000o\000n\000f\000i\000g\000u\000r\000a\000r\000e}{section.5.2}% 26
\BOOKMARK [2][-]{subsection.5.2.2}{\376\377\000C\000l\000a\000s\000e\000\040\000S\000u\000p\000o\000r\000t\000\040\000p\000e\000n\000t\000r\000u\000\040\000T\000r\000a\000c\000k\000e\000r\000\040\002\031\000i\000\040\000L\000o\000c\000a\000l\000M\000a\000p\000p\000i\000n\000g}{section.5.2}% 27
\BOOKMARK [2][-]{subsection.5.2.3}{\376\377\000C\000l\000a\000s\000a\000\040\000T\000r\000a\000c\000k\000e\000r}{section.5.2}% 28
\BOOKMARK [2][-]{subsection.5.2.4}{\376\377\000C\000l\000a\000s\000a\000\040\000L\000o\000c\000a\000l\000M\000a\000p\000p\000i\000n\000g}{section.5.2}% 29
\BOOKMARK [1][-]{section.5.3}{\376\377\000P\000i\000p\000e\000l\000i\000n\000e\000\040\000a\000n\000t\000r\000e\000n\000a\000r\000e\000\040\000F\000a\000s\000t\000D\000e\000p\000t\000h}{chapter.5}% 30
\BOOKMARK [0][-]{chapter.6}{\376\377\000E\000v\000a\000l\000u\000a\000r\000e}{}% 31
\BOOKMARK [1][-]{section.6.1}{\376\377\000S\000e\000t\000u\000l\000\040\000d\000e\000\040\000d\000a\000t\000e\000\040\000T\000U\000M\000\040\000R\000G\000B\000D\000\040\000D\000a\000t\000a\000s\000e\000t}{chapter.6}% 32
\BOOKMARK [1][-]{section.6.2}{\376\377\000M\000e\000t\000r\000i\000c\000i\000\040\000u\000t\000i\000l\000i\000z\000a\000t\000e}{chapter.6}% 33
\BOOKMARK [0][-]{chapter.7}{\376\377\000C\000o\000n\000c\000l\000u\000z\000i\000i}{}% 34
\BOOKMARK [1][-]{section.7.1}{\376\377\000D\000i\000r\000e\000c\002\033\000i\000i\000\040\000v\000i\000i\000t\000o\000a\000r\000e}{chapter.7}% 35
